<?xml version="1.0" encoding="UTF-8"?>
<coverage generated="1555399618639" clover="3.2.0">
  <project timestamp="1555399618639" name="All files">
    <metrics statements="51" coveredstatements="48" conditionals="14" coveredconditionals="12" methods="11" coveredmethods="10" elements="76" coveredelements="70" complexity="0" loc="51" ncloc="51" packages="2" files="3" classes="3"/>
    <package name="blockchainjs-whitepaper">
      <metrics statements="3" coveredstatements="3" conditionals="0" coveredconditionals="0" methods="0" coveredmethods="0"/>
      <file name="config.js" path="/mnt/DTAA/Life Learning/Coding/Js/blockchainjs-whitepaper/config.js">
        <metrics statements="3" coveredstatements="3" conditionals="0" coveredconditionals="0" methods="0" coveredmethods="0"/>
        <line num="6" count="2" type="stmt"/>
        <line num="8" count="2" type="stmt"/>
        <line num="10" count="2" type="stmt"/>
      </file>
    </package>
    <package name="blockchainjs-whitepaper.blockchain">
      <metrics statements="48" coveredstatements="45" conditionals="14" coveredconditionals="12" methods="11" coveredmethods="10"/>
      <file name="block.js" path="/mnt/DTAA/Life Learning/Coding/Js/blockchainjs-whitepaper/blockchain/block.js">
        <metrics statements="26" coveredstatements="25" conditionals="4" coveredconditionals="3" methods="7" coveredmethods="6"/>
        <line num="1" count="2" type="stmt"/>
        <line num="2" count="2" type="stmt"/>
        <line num="6" count="34" type="stmt"/>
        <line num="7" count="34" type="stmt"/>
        <line num="8" count="34" type="stmt"/>
        <line num="9" count="34" type="stmt"/>
        <line num="10" count="34" type="stmt"/>
        <line num="11" count="34" type="cond" truecount="1" falsecount="1"/>
        <line num="15" count="0" type="stmt"/>
        <line num="27" count="24" type="stmt"/>
        <line num="40" count="10" type="stmt"/>
        <line num="41" count="10" type="stmt"/>
        <line num="42" count="10" type="stmt"/>
        <line num="44" count="10" type="stmt"/>
        <line num="45" count="100" type="stmt"/>
        <line num="46" count="100" type="stmt"/>
        <line num="47" count="100" type="stmt"/>
        <line num="48" count="100" type="stmt"/>
        <line num="51" count="10" type="stmt"/>
        <line num="57" count="103" type="stmt"/>
        <line num="63" count="3" type="stmt"/>
        <line num="64" count="3" type="stmt"/>
        <line num="69" count="102" type="stmt"/>
        <line num="71" count="102" type="cond" truecount="2" falsecount="0"/>
        <line num="72" count="102" type="stmt"/>
        <line num="77" count="2" type="stmt"/>
      </file>
      <file name="index.js" path="/mnt/DTAA/Life Learning/Coding/Js/blockchainjs-whitepaper/blockchain/index.js">
        <metrics statements="22" coveredstatements="20" conditionals="10" coveredconditionals="9" methods="4" coveredmethods="4"/>
        <line num="1" count="1" type="stmt"/>
        <line num="5" count="14" type="stmt"/>
        <line num="11" count="5" type="stmt"/>
        <line num="12" count="5" type="stmt"/>
        <line num="13" count="5" type="stmt"/>
        <line num="15" count="5" type="stmt"/>
        <line num="21" count="4" type="cond" truecount="2" falsecount="0"/>
        <line num="24" count="3" type="stmt"/>
        <line num="25" count="3" type="stmt"/>
        <line num="26" count="3" type="stmt"/>
        <line num="28" count="3" type="cond" truecount="4" falsecount="0"/>
        <line num="30" count="1" type="stmt"/>
        <line num="34" count="2" type="stmt"/>
        <line num="42" count="2" type="cond" truecount="2" falsecount="0"/>
        <line num="43" count="1" type="stmt"/>
        <line num="44" count="1" type="stmt"/>
        <line num="45" count="1" type="cond" truecount="1" falsecount="1"/>
        <line num="46" count="0" type="stmt"/>
        <line num="47" count="0" type="stmt"/>
        <line num="50" count="1" type="stmt"/>
        <line num="51" count="1" type="stmt"/>
        <line num="57" count="1" type="stmt"/>
      </file>
    </package>
  </project>
</coverage>
