{"/mnt/DTAA/Life Learning/Coding/Js/blockchainjs-whitepaper/config.js": {"path":"/mnt/DTAA/Life Learning/Coding/Js/blockchainjs-whitepaper/config.js","statementMap":{"0":{"start":{"line":6,"column":19},"end":{"line":6,"column":20}},"1":{"start":{"line":8,"column":18},"end":{"line":8,"column":22}},"2":{"start":{"line":10,"column":0},"end":{"line":10,"column":42}}},"fnMap":{},"branchMap":{},"s":{"0":2,"1":2,"2":2},"f":{},"b":{},"_coverageSchema":"43e27e138ebf9cfc5966b082cf9a028302ed4184","hash":"e90472a5750074ab16422b1eff0bfa4441107a41"}
,"/mnt/DTAA/Life Learning/Coding/Js/blockchainjs-whitepaper/blockchain/block.js": {"path":"/mnt/DTAA/Life Learning/Coding/Js/blockchainjs-whitepaper/blockchain/block.js","statementMap":{"0":{"start":{"line":1,"column":15},"end":{"line":1,"column":42}},"1":{"start":{"line":2,"column":34},"end":{"line":2,"column":54}},"2":{"start":{"line":6,"column":8},"end":{"line":6,"column":34}},"3":{"start":{"line":7,"column":8},"end":{"line":7,"column":32}},"4":{"start":{"line":8,"column":8},"end":{"line":8,"column":24}},"5":{"start":{"line":9,"column":8},"end":{"line":9,"column":24}},"6":{"start":{"line":10,"column":8},"end":{"line":10,"column":26}},"7":{"start":{"line":11,"column":8},"end":{"line":11,"column":50}},"8":{"start":{"line":15,"column":8},"end":{"line":22,"column":9}},"9":{"start":{"line":27,"column":8},"end":{"line":34,"column":9}},"10":{"start":{"line":40,"column":25},"end":{"line":40,"column":39}},"11":{"start":{"line":41,"column":29},"end":{"line":41,"column":38}},"12":{"start":{"line":42,"column":20},"end":{"line":42,"column":21}},"13":{"start":{"line":44,"column":8},"end":{"line":49,"column":73}},"14":{"start":{"line":45,"column":12},"end":{"line":45,"column":19}},"15":{"start":{"line":46,"column":12},"end":{"line":46,"column":34}},"16":{"start":{"line":47,"column":12},"end":{"line":47,"column":69}},"17":{"start":{"line":48,"column":12},"end":{"line":48,"column":75}},"18":{"start":{"line":51,"column":8},"end":{"line":51,"column":75}},"19":{"start":{"line":57,"column":8},"end":{"line":57,"column":87}},"20":{"start":{"line":63,"column":65},"end":{"line":63,"column":70}},"21":{"start":{"line":64,"column":8},"end":{"line":64,"column":71}},"22":{"start":{"line":69,"column":29},"end":{"line":69,"column":38}},"23":{"start":{"line":71,"column":8},"end":{"line":71,"column":100}},"24":{"start":{"line":72,"column":8},"end":{"line":72,"column":25}},"25":{"start":{"line":77,"column":0},"end":{"line":77,"column":22}}},"fnMap":{"0":{"name":"(anonymous_0)","decl":{"start":{"line":5,"column":4},"end":{"line":5,"column":5}},"loc":{"start":{"line":5,"column":67},"end":{"line":12,"column":5}},"line":5},"1":{"name":"(anonymous_1)","decl":{"start":{"line":14,"column":4},"end":{"line":14,"column":5}},"loc":{"start":{"line":14,"column":14},"end":{"line":23,"column":5}},"line":14},"2":{"name":"(anonymous_2)","decl":{"start":{"line":26,"column":4},"end":{"line":26,"column":5}},"loc":{"start":{"line":26,"column":20},"end":{"line":35,"column":5}},"line":26},"3":{"name":"(anonymous_3)","decl":{"start":{"line":38,"column":4},"end":{"line":38,"column":5}},"loc":{"start":{"line":38,"column":36},"end":{"line":52,"column":5}},"line":38},"4":{"name":"(anonymous_4)","decl":{"start":{"line":56,"column":4},"end":{"line":56,"column":5}},"loc":{"start":{"line":56,"column":61},"end":{"line":59,"column":5}},"line":56},"5":{"name":"(anonymous_5)","decl":{"start":{"line":62,"column":4},"end":{"line":62,"column":5}},"loc":{"start":{"line":62,"column":27},"end":{"line":65,"column":5}},"line":62},"6":{"name":"(anonymous_6)","decl":{"start":{"line":68,"column":4},"end":{"line":68,"column":5}},"loc":{"start":{"line":68,"column":51},"end":{"line":73,"column":5}},"line":68}},"branchMap":{"0":{"loc":{"start":{"line":11,"column":26},"end":{"line":11,"column":50}},"type":"binary-expr","locations":[{"start":{"line":11,"column":26},"end":{"line":11,"column":36}},{"start":{"line":11,"column":40},"end":{"line":11,"column":50}}],"line":11},"1":{"loc":{"start":{"line":71,"column":21},"end":{"line":71,"column":100}},"type":"cond-expr","locations":[{"start":{"line":71,"column":69},"end":{"line":71,"column":83}},{"start":{"line":71,"column":86},"end":{"line":71,"column":100}}],"line":71}},"s":{"0":2,"1":2,"2":34,"3":34,"4":34,"5":34,"6":34,"7":34,"8":0,"9":24,"10":10,"11":10,"12":10,"13":10,"14":100,"15":100,"16":100,"17":100,"18":10,"19":103,"20":3,"21":3,"22":102,"23":102,"24":102,"25":2},"f":{"0":34,"1":0,"2":24,"3":10,"4":103,"5":3,"6":102},"b":{"0":[34,0],"1":[1,101]},"_coverageSchema":"43e27e138ebf9cfc5966b082cf9a028302ed4184","hash":"21fc7912b34ff29d1a8e3fe7fa7c9607901e95f0"}
,"/mnt/DTAA/Life Learning/Coding/Js/blockchainjs-whitepaper/blockchain/index.js": {"path":"/mnt/DTAA/Life Learning/Coding/Js/blockchainjs-whitepaper/blockchain/index.js","statementMap":{"0":{"start":{"line":1,"column":14},"end":{"line":1,"column":32}},"1":{"start":{"line":5,"column":8},"end":{"line":5,"column":38}},"2":{"start":{"line":11,"column":26},"end":{"line":11,"column":57}},"3":{"start":{"line":12,"column":22},"end":{"line":12,"column":54}},"4":{"start":{"line":13,"column":8},"end":{"line":13,"column":30}},"5":{"start":{"line":15,"column":8},"end":{"line":15,"column":20}},"6":{"start":{"line":21,"column":8},"end":{"line":21,"column":85}},"7":{"start":{"line":21,"column":73},"end":{"line":21,"column":85}},"8":{"start":{"line":24,"column":8},"end":{"line":32,"column":9}},"9":{"start":{"line":24,"column":19},"end":{"line":24,"column":20}},"10":{"start":{"line":25,"column":26},"end":{"line":25,"column":34}},"11":{"start":{"line":26,"column":30},"end":{"line":26,"column":40}},"12":{"start":{"line":28,"column":12},"end":{"line":31,"column":13}},"13":{"start":{"line":30,"column":16},"end":{"line":30,"column":28}},"14":{"start":{"line":34,"column":8},"end":{"line":34,"column":19}},"15":{"start":{"line":42,"column":8},"end":{"line":48,"column":9}},"16":{"start":{"line":43,"column":12},"end":{"line":43,"column":77}},"17":{"start":{"line":44,"column":12},"end":{"line":44,"column":18}},"18":{"start":{"line":45,"column":15},"end":{"line":48,"column":9}},"19":{"start":{"line":46,"column":12},"end":{"line":46,"column":57}},"20":{"start":{"line":47,"column":12},"end":{"line":47,"column":18}},"21":{"start":{"line":50,"column":8},"end":{"line":50,"column":62}},"22":{"start":{"line":51,"column":8},"end":{"line":51,"column":29}},"23":{"start":{"line":57,"column":0},"end":{"line":57,"column":27}}},"fnMap":{"0":{"name":"(anonymous_0)","decl":{"start":{"line":4,"column":4},"end":{"line":4,"column":5}},"loc":{"start":{"line":4,"column":17},"end":{"line":6,"column":5}},"line":4},"1":{"name":"(anonymous_1)","decl":{"start":{"line":10,"column":4},"end":{"line":10,"column":5}},"loc":{"start":{"line":10,"column":18},"end":{"line":16,"column":5}},"line":10},"2":{"name":"(anonymous_2)","decl":{"start":{"line":18,"column":4},"end":{"line":18,"column":5}},"loc":{"start":{"line":18,"column":23},"end":{"line":36,"column":5}},"line":18},"3":{"name":"(anonymous_3)","decl":{"start":{"line":39,"column":4},"end":{"line":39,"column":5}},"loc":{"start":{"line":39,"column":27},"end":{"line":52,"column":5}},"line":39}},"branchMap":{"0":{"loc":{"start":{"line":21,"column":8},"end":{"line":21,"column":85}},"type":"if","locations":[{"start":{"line":21,"column":8},"end":{"line":21,"column":85}},{"start":{"line":21,"column":8},"end":{"line":21,"column":85}}],"line":21},"1":{"loc":{"start":{"line":28,"column":12},"end":{"line":31,"column":13}},"type":"if","locations":[{"start":{"line":28,"column":12},"end":{"line":31,"column":13}},{"start":{"line":28,"column":12},"end":{"line":31,"column":13}}],"line":28},"2":{"loc":{"start":{"line":28,"column":15},"end":{"line":29,"column":52}},"type":"binary-expr","locations":[{"start":{"line":28,"column":15},"end":{"line":28,"column":48}},{"start":{"line":29,"column":15},"end":{"line":29,"column":52}}],"line":28},"3":{"loc":{"start":{"line":42,"column":8},"end":{"line":48,"column":9}},"type":"if","locations":[{"start":{"line":42,"column":8},"end":{"line":48,"column":9}},{"start":{"line":42,"column":8},"end":{"line":48,"column":9}}],"line":42},"4":{"loc":{"start":{"line":45,"column":15},"end":{"line":48,"column":9}},"type":"if","locations":[{"start":{"line":45,"column":15},"end":{"line":48,"column":9}},{"start":{"line":45,"column":15},"end":{"line":48,"column":9}}],"line":45}},"s":{"0":1,"1":14,"2":5,"3":5,"4":5,"5":5,"6":4,"7":1,"8":3,"9":3,"10":3,"11":3,"12":3,"13":1,"14":2,"15":2,"16":1,"17":1,"18":1,"19":0,"20":0,"21":1,"22":1,"23":1},"f":{"0":14,"1":5,"2":4,"3":2},"b":{"0":[1,3],"1":[1,2],"2":[3,3],"3":[1,1],"4":[0,1]},"_coverageSchema":"43e27e138ebf9cfc5966b082cf9a028302ed4184","hash":"d9e090fe52b205ba24c8cd86809b1a55ffbf6524"}
}
