TN:
SF:/mnt/DTAA/Life Learning/Coding/Js/blockchainjs-whitepaper/config.js
FNF:0
FNH:0
DA:6,2
DA:8,2
DA:10,2
LF:3
LH:3
BRF:0
BRH:0
end_of_record
TN:
SF:/mnt/DTAA/Life Learning/Coding/Js/blockchainjs-whitepaper/blockchain/block.js
FN:5,(anonymous_0)
FN:14,(anonymous_1)
FN:26,(anonymous_2)
FN:38,(anonymous_3)
FN:56,(anonymous_4)
FN:62,(anonymous_5)
FN:68,(anonymous_6)
FNF:7
FNH:6
FNDA:34,(anonymous_0)
FNDA:0,(anonymous_1)
FNDA:24,(anonymous_2)
FNDA:10,(anonymous_3)
FNDA:103,(anonymous_4)
FNDA:3,(anonymous_5)
FNDA:102,(anonymous_6)
DA:1,2
DA:2,2
DA:6,34
DA:7,34
DA:8,34
DA:9,34
DA:10,34
DA:11,34
DA:15,0
DA:27,24
DA:40,10
DA:41,10
DA:42,10
DA:44,10
DA:45,100
DA:46,100
DA:47,100
DA:48,100
DA:51,10
DA:57,103
DA:63,3
DA:64,3
DA:69,102
DA:71,102
DA:72,102
DA:77,2
LF:26
LH:25
BRDA:11,0,0,34
BRDA:11,0,1,0
BRDA:71,1,0,1
BRDA:71,1,1,101
BRF:4
BRH:3
end_of_record
TN:
SF:/mnt/DTAA/Life Learning/Coding/Js/blockchainjs-whitepaper/blockchain/index.js
FN:4,(anonymous_0)
FN:10,(anonymous_1)
FN:18,(anonymous_2)
FN:39,(anonymous_3)
FNF:4
FNH:4
FNDA:14,(anonymous_0)
FNDA:5,(anonymous_1)
FNDA:4,(anonymous_2)
FNDA:2,(anonymous_3)
DA:1,1
DA:5,14
DA:11,5
DA:12,5
DA:13,5
DA:15,5
DA:21,4
DA:24,3
DA:25,3
DA:26,3
DA:28,3
DA:30,1
DA:34,2
DA:42,2
DA:43,1
DA:44,1
DA:45,1
DA:46,0
DA:47,0
DA:50,1
DA:51,1
DA:57,1
LF:22
LH:20
BRDA:21,0,0,1
BRDA:21,0,1,3
BRDA:28,1,0,1
BRDA:28,1,1,2
BRDA:28,2,0,3
BRDA:28,2,1,3
BRDA:42,3,0,1
BRDA:42,3,1,1
BRDA:45,4,0,0
BRDA:45,4,1,1
BRF:10
BRH:9
end_of_record
